<?xml version="1.0" encoding="utf-8"?><testsuites name="pytest tests"><testsuite name="pytest" errors="0" failures="0" skipped="0" tests="15" time="0.617" timestamp="2026-02-11T05:33:27.548360+00:00" hostname="agent-env-4d682133-3873-4fff-b7a2-98add9b8df98"><testcase classname="backend.tests.test_admin_api.TestAdminDemoLogin" name="test_demo_login_with_admin_role" time="0.096" /><testcase classname="backend.tests.test_admin_api.TestAdminDemoLogin" name="test_demo_login_default_is_retailer" time="0.051" /><testcase classname="backend.tests.test_admin_api.TestAuthMeWithAdmin" name="test_auth_me_returns_admin_role" time="0.038" /><testcase classname="backend.tests.test_admin_api.TestAdminMetrics" name="test_get_platform_metrics" time="0.065" /><testcase classname="backend.tests.test_admin_api.TestAdminGuard" name="test_metrics_returns_403_for_retailer" time="0.037" /><testcase classname="backend.tests.test_admin_api.TestAdminGuard" name="test_retailers_list_returns_403_for_retailer" time="0.011" /><testcase classname="backend.tests.test_admin_api.TestAdminGuard" name="test_metrics_returns_401_without_auth" time="0.038" /><testcase classname="backend.tests.test_admin_api.TestAdminRetailersList" name="test_list_retailers_returns_non_admin_users" time="0.022" /><testcase classname="backend.tests.test_admin_api.TestAdminRetailersList" name="test_search_retailers_by_name" time="0.015" /><testcase classname="backend.tests.test_admin_api.TestAdminRetailersList" name="test_filter_retailers_by_status" time="0.021" /><testcase classname="backend.tests.test_admin_api.TestAdminRetailersList" name="test_filter_retailers_by_tier" time="0.022" /><testcase classname="backend.tests.test_admin_api.TestAdminRetailerDetail" name="test_get_retailer_detail" time="0.017" /><testcase classname="backend.tests.test_admin_api.TestAdminRetailerDetail" name="test_get_nonexistent_retailer_returns_404" time="0.011" /><testcase classname="backend.tests.test_admin_api.TestAdminSubscriptionUpdate" name="test_update_subscription_status_and_tier" time="0.064" /><testcase classname="backend.tests.test_admin_api.TestAdminSubscriptionUpdate" name="test_update_subscription_invalid_user_returns_404" time="0.010" /></testsuite></testsuites>