<?xml version="1.0" encoding="utf-8"?><testsuites name="pytest tests"><testsuite name="pytest" errors="0" failures="0" skipped="0" tests="17" time="0.561" timestamp="2026-02-11T05:20:18.484708+00:00" hostname="agent-env-4d682133-3873-4fff-b7a2-98add9b8df98"><testcase classname="tests.test_api.TestHealthCheck" name="test_api_root_returns_running" time="0.074" /><testcase classname="tests.test_api.TestDemoLogin" name="test_demo_login_returns_user_data" time="0.017" /><testcase classname="tests.test_api.TestDemoLogin" name="test_demo_login_sets_session_cookie" time="0.039" /><testcase classname="tests.test_api.TestAuthMe" name="test_auth_me_with_session_cookie" time="0.011" /><testcase classname="tests.test_api.TestAuthMe" name="test_auth_me_without_session_returns_401" time="0.044" /><testcase classname="tests.test_api.TestStoreEndpoints" name="test_get_my_store_returns_demo_store" time="0.012" /><testcase classname="tests.test_api.TestStoreEndpoints" name="test_get_my_store_without_auth_returns_401" time="0.078" /><testcase classname="tests.test_api.TestTemplates" name="test_get_templates_returns_4_templates" time="0.008" /><testcase classname="tests.test_api.TestAnalytics" name="test_get_analytics_overview" time="0.012" /><testcase classname="tests.test_api.TestAnalytics" name="test_get_analytics_without_auth_returns_401" time="0.035" /><testcase classname="tests.test_api.TestChatEndpoints" name="test_send_chat_message" time="0.011" /><testcase classname="tests.test_api.TestChatEndpoints" name="test_get_chat_messages" time="0.011" /><testcase classname="tests.test_api.TestChatEndpoints" name="test_get_chat_messages_with_customer_id_filter" time="0.020" /><testcase classname="tests.test_api.TestChatEndpoints" name="test_get_conversations" time="0.051" /><testcase classname="tests.test_api.TestChatEndpoints" name="test_mark_messages_read" time="0.019" /><testcase classname="tests.test_api.TestChatEndpoints" name="test_conversations_requires_auth" time="0.031" /><testcase classname="tests.test_api.TestChatRetailerFlow" name="test_retailer_send_message" time="0.009" /></testsuite></testsuites>